{"/Users/damian/Projects/metadata-extractor/src/index.js": {"path":"/Users/damian/Projects/metadata-extractor/src/index.js","statementMap":{"0":{"start":{"line":7,"column":20},"end":{"line":25,"column":1}},"1":{"start":{"line":8,"column":28},"end":{"line":8,"column":50}},"2":{"start":{"line":9,"column":21},"end":{"line":9,"column":59}},"3":{"start":{"line":11,"column":2},"end":{"line":11,"column":34}},"4":{"start":{"line":13,"column":29},"end":{"line":16,"column":45}},"5":{"start":{"line":16,"column":27},"end":{"line":16,"column":44}},"6":{"start":{"line":18,"column":2},"end":{"line":18,"column":37}},"7":{"start":{"line":20,"column":2},"end":{"line":20,"column":44}},"8":{"start":{"line":22,"column":2},"end":{"line":22,"column":34}},"9":{"start":{"line":24,"column":2},"end":{"line":24,"column":47}},"10":{"start":{"line":27,"column":0},"end":{"line":27,"column":22}},"11":{"start":{"line":27,"column":13},"end":{"line":27,"column":19}}},"fnMap":{"0":{"name":"(anonymous_0)","decl":{"start":{"line":7,"column":20},"end":{"line":7,"column":21}},"loc":{"start":{"line":7,"column":32},"end":{"line":25,"column":1}},"line":7},"1":{"name":"(anonymous_1)","decl":{"start":{"line":16,"column":13},"end":{"line":16,"column":14}},"loc":{"start":{"line":16,"column":27},"end":{"line":16,"column":44}},"line":16},"2":{"name":"(anonymous_2)","decl":{"start":{"line":27,"column":1},"end":{"line":27,"column":2}},"loc":{"start":{"line":27,"column":13},"end":{"line":27,"column":19}},"line":27}},"branchMap":{"0":{"loc":{"start":{"line":15,"column":21},"end":{"line":15,"column":49}},"type":"binary-expr","locations":[{"start":{"line":15,"column":21},"end":{"line":15,"column":43}},{"start":{"line":15,"column":47},"end":{"line":15,"column":49}}],"line":15}},"s":{"0":1,"1":3,"2":3,"3":1,"4":1,"5":3,"6":1,"7":1,"8":1,"9":1,"10":1,"11":1},"f":{"0":3,"1":3,"2":1},"b":{"0":[1,1]},"_coverageSchema":"1a1c01bbd47fc00a2c39e90264f33305004495a9","hash":"399a77fef51ff7a2efbf090bf60db1061544417c"}
,"/Users/damian/Projects/metadata-extractor/src/config/db.js": {"path":"/Users/damian/Projects/metadata-extractor/src/config/db.js","statementMap":{"0":{"start":{"line":5,"column":23},"end":{"line":7,"column":2}},"1":{"start":{"line":5,"column":29},"end":{"line":7,"column":2}},"2":{"start":{"line":9,"column":0},"end":{"line":9,"column":33}}},"fnMap":{"0":{"name":"(anonymous_0)","decl":{"start":{"line":5,"column":23},"end":{"line":5,"column":24}},"loc":{"start":{"line":5,"column":29},"end":{"line":7,"column":2}},"line":5}},"branchMap":{},"s":{"0":2,"1":2,"2":2},"f":{"0":2},"b":{},"_coverageSchema":"1a1c01bbd47fc00a2c39e90264f33305004495a9","hash":"c4b769aa9168560a2527a821e4906435eba9397c"}
,"/Users/damian/Projects/metadata-extractor/src/config/dbConfig.js": {"path":"/Users/damian/Projects/metadata-extractor/src/config/dbConfig.js","statementMap":{"0":{"start":{"line":1,"column":0},"end":{"line":10,"column":1}}},"fnMap":{},"branchMap":{},"s":{"0":2},"f":{},"b":{},"_coverageSchema":"1a1c01bbd47fc00a2c39e90264f33305004495a9","hash":"dc8e824b6e65124cbe2c5f069e15ca2b5949a703"}
,"/Users/damian/Projects/metadata-extractor/src/config/index.js": {"path":"/Users/damian/Projects/metadata-extractor/src/config/index.js","statementMap":{"0":{"start":{"line":3,"column":12},"end":{"line":3,"column":49}}},"fnMap":{},"branchMap":{"0":{"loc":{"start":{"line":3,"column":12},"end":{"line":3,"column":49}},"type":"binary-expr","locations":[{"start":{"line":3,"column":12},"end":{"line":3,"column":32}},{"start":{"line":3,"column":36},"end":{"line":3,"column":49}}],"line":3}},"s":{"0":2},"f":{},"b":{"0":[2,0]},"_coverageSchema":"1a1c01bbd47fc00a2c39e90264f33305004495a9","hash":"78a256253d4f3a71fc2faa240684f724dae606ff"}
,"/Users/damian/Projects/metadata-extractor/src/models/Book.js": {"path":"/Users/damian/Projects/metadata-extractor/src/models/Book.js","statementMap":{"0":{"start":{"line":4,"column":13},"end":{"line":39,"column":2}},"1":{"start":{"line":41,"column":0},"end":{"line":41,"column":21}}},"fnMap":{},"branchMap":{},"s":{"0":2,"1":2},"f":{},"b":{},"_coverageSchema":"1a1c01bbd47fc00a2c39e90264f33305004495a9","hash":"04fed66cb83cac9a0abb14a0ea21670eb3335cb6"}
,"/Users/damian/Projects/metadata-extractor/src/repositories/books.js": {"path":"/Users/damian/Projects/metadata-extractor/src/repositories/books.js","statementMap":{"0":{"start":{"line":4,"column":19},"end":{"line":4,"column":47}},"1":{"start":{"line":6,"column":35},"end":{"line":12,"column":1}},"2":{"start":{"line":7,"column":18},"end":{"line":7,"column":42}},"3":{"start":{"line":9,"column":2},"end":{"line":11,"column":3}},"4":{"start":{"line":10,"column":4},"end":{"line":10,"column":32}}},"fnMap":{"0":{"name":"(anonymous_0)","decl":{"start":{"line":6,"column":35},"end":{"line":6,"column":36}},"loc":{"start":{"line":6,"column":57},"end":{"line":12,"column":1}},"line":6}},"branchMap":{"0":{"loc":{"start":{"line":4,"column":19},"end":{"line":4,"column":47}},"type":"binary-expr","locations":[{"start":{"line":4,"column":19},"end":{"line":4,"column":41}},{"start":{"line":4,"column":45},"end":{"line":4,"column":47}}],"line":4},"1":{"loc":{"start":{"line":6,"column":42},"end":{"line":6,"column":52}},"type":"default-arg","locations":[{"start":{"line":6,"column":50},"end":{"line":6,"column":52}}],"line":6}},"s":{"0":2,"1":2,"2":2,"3":2,"4":2},"f":{"0":2},"b":{"0":[2,2],"1":[0]},"_coverageSchema":"1a1c01bbd47fc00a2c39e90264f33305004495a9","hash":"f9258f25a059f603856c372043b3eeac8618d008"}
,"/Users/damian/Projects/metadata-extractor/src/utils/books.js": {"path":"/Users/damian/Projects/metadata-extractor/src/utils/books.js","statementMap":{"0":{"start":{"line":5,"column":20},"end":{"line":5,"column":62}},"1":{"start":{"line":5,"column":41},"end":{"line":5,"column":62}},"2":{"start":{"line":7,"column":26},"end":{"line":11,"column":1}},"3":{"start":{"line":8,"column":17},"end":{"line":8,"column":70}},"4":{"start":{"line":10,"column":2},"end":{"line":10,"column":41}},"5":{"start":{"line":13,"column":20},"end":{"line":19,"column":1}},"6":{"start":{"line":14,"column":19},"end":{"line":14,"column":63}},"7":{"start":{"line":16,"column":2},"end":{"line":18,"column":20}},"8":{"start":{"line":17,"column":20},"end":{"line":17,"column":80}},"9":{"start":{"line":21,"column":22},"end":{"line":42,"column":1}},"10":{"start":{"line":22,"column":15},"end":{"line":22,"column":50}},"11":{"start":{"line":24,"column":16},"end":{"line":24,"column":55}},"12":{"start":{"line":25,"column":17},"end":{"line":25,"column":97}},"13":{"start":{"line":26,"column":19},"end":{"line":26,"column":104}},"14":{"start":{"line":27,"column":18},"end":{"line":27,"column":58}},"15":{"start":{"line":28,"column":20},"end":{"line":28,"column":63}},"16":{"start":{"line":29,"column":26},"end":{"line":29,"column":71}},"17":{"start":{"line":30,"column":19},"end":{"line":30,"column":36}},"18":{"start":{"line":32,"column":2},"end":{"line":41,"column":3}},"19":{"start":{"line":44,"column":27},"end":{"line":49,"column":1}},"20":{"start":{"line":45,"column":13},"end":{"line":45,"column":40}},"21":{"start":{"line":46,"column":22},"end":{"line":46,"column":57}},"22":{"start":{"line":48,"column":2},"end":{"line":48,"column":39}}},"fnMap":{"0":{"name":"(anonymous_0)","decl":{"start":{"line":5,"column":20},"end":{"line":5,"column":21}},"loc":{"start":{"line":5,"column":41},"end":{"line":5,"column":62}},"line":5},"1":{"name":"(anonymous_1)","decl":{"start":{"line":7,"column":26},"end":{"line":7,"column":27}},"loc":{"start":{"line":7,"column":34},"end":{"line":11,"column":1}},"line":7},"2":{"name":"(anonymous_2)","decl":{"start":{"line":13,"column":20},"end":{"line":13,"column":21}},"loc":{"start":{"line":13,"column":28},"end":{"line":19,"column":1}},"line":13},"3":{"name":"(anonymous_3)","decl":{"start":{"line":17,"column":9},"end":{"line":17,"column":10}},"loc":{"start":{"line":17,"column":20},"end":{"line":17,"column":80}},"line":17},"4":{"name":"(anonymous_4)","decl":{"start":{"line":21,"column":22},"end":{"line":21,"column":23}},"loc":{"start":{"line":21,"column":36},"end":{"line":42,"column":1}},"line":21},"5":{"name":"(anonymous_5)","decl":{"start":{"line":44,"column":27},"end":{"line":44,"column":28}},"loc":{"start":{"line":44,"column":47},"end":{"line":49,"column":1}},"line":44}},"branchMap":{"0":{"loc":{"start":{"line":5,"column":27},"end":{"line":5,"column":36}},"type":"default-arg","locations":[{"start":{"line":5,"column":34},"end":{"line":5,"column":36}}],"line":5},"1":{"loc":{"start":{"line":10,"column":9},"end":{"line":10,"column":41}},"type":"cond-expr","locations":[{"start":{"line":10,"column":18},"end":{"line":10,"column":34}},{"start":{"line":10,"column":37},"end":{"line":10,"column":41}}],"line":10},"2":{"loc":{"start":{"line":14,"column":19},"end":{"line":14,"column":63}},"type":"binary-expr","locations":[{"start":{"line":14,"column":19},"end":{"line":14,"column":57}},{"start":{"line":14,"column":61},"end":{"line":14,"column":63}}],"line":14}},"s":{"0":2,"1":47,"2":2,"3":5,"4":5,"5":2,"6":5,"7":5,"8":12,"9":2,"10":5,"11":5,"12":5,"13":5,"14":5,"15":5,"16":5,"17":5,"18":5,"19":2,"20":5,"21":5,"22":5},"f":{"0":47,"1":5,"2":5,"3":12,"4":5,"5":5},"b":{"0":[0],"1":[4,1],"2":[5,2]},"_coverageSchema":"1a1c01bbd47fc00a2c39e90264f33305004495a9","hash":"4c0db30d64da23e408aa36b8ac2f864fae8d8aa1"}
,"/Users/damian/Projects/metadata-extractor/src/utils/files.js": {"path":"/Users/damian/Projects/metadata-extractor/src/utils/files.js","statementMap":{"0":{"start":{"line":6,"column":15},"end":{"line":6,"column":27}},"1":{"start":{"line":8,"column":36},"end":{"line":11,"column":1}},"2":{"start":{"line":9,"column":18},"end":{"line":9,"column":81}},"3":{"start":{"line":10,"column":2},"end":{"line":10,"column":30}},"4":{"start":{"line":13,"column":29},"end":{"line":20,"column":2}},"5":{"start":{"line":13,"column":37},"end":{"line":20,"column":2}},"6":{"start":{"line":14,"column":2},"end":{"line":19,"column":4}},"7":{"start":{"line":15,"column":4},"end":{"line":15,"column":28}},"8":{"start":{"line":15,"column":15},"end":{"line":15,"column":28}},"9":{"start":{"line":17,"column":18},"end":{"line":17,"column":67}},"10":{"start":{"line":18,"column":4},"end":{"line":18,"column":34}},"11":{"start":{"line":22,"column":35},"end":{"line":31,"column":2}},"12":{"start":{"line":22,"column":47},"end":{"line":31,"column":2}},"13":{"start":{"line":23,"column":2},"end":{"line":30,"column":4}},"14":{"start":{"line":24,"column":4},"end":{"line":24,"column":35}},"15":{"start":{"line":24,"column":15},"end":{"line":24,"column":35}},"16":{"start":{"line":26,"column":4},"end":{"line":29,"column":6}},"17":{"start":{"line":27,"column":6},"end":{"line":27,"column":37}},"18":{"start":{"line":27,"column":17},"end":{"line":27,"column":37}},"19":{"start":{"line":28,"column":6},"end":{"line":28,"column":21}}},"fnMap":{"0":{"name":"(anonymous_0)","decl":{"start":{"line":8,"column":36},"end":{"line":8,"column":37}},"loc":{"start":{"line":8,"column":42},"end":{"line":11,"column":1}},"line":8},"1":{"name":"(anonymous_1)","decl":{"start":{"line":13,"column":29},"end":{"line":13,"column":30}},"loc":{"start":{"line":13,"column":37},"end":{"line":20,"column":2}},"line":13},"2":{"name":"(anonymous_2)","decl":{"start":{"line":13,"column":49},"end":{"line":13,"column":50}},"loc":{"start":{"line":13,"column":70},"end":{"line":20,"column":1}},"line":13},"3":{"name":"(anonymous_3)","decl":{"start":{"line":14,"column":17},"end":{"line":14,"column":18}},"loc":{"start":{"line":14,"column":35},"end":{"line":19,"column":3}},"line":14},"4":{"name":"(anonymous_4)","decl":{"start":{"line":22,"column":35},"end":{"line":22,"column":36}},"loc":{"start":{"line":22,"column":47},"end":{"line":31,"column":2}},"line":22},"5":{"name":"(anonymous_5)","decl":{"start":{"line":22,"column":59},"end":{"line":22,"column":60}},"loc":{"start":{"line":22,"column":80},"end":{"line":31,"column":1}},"line":22},"6":{"name":"(anonymous_6)","decl":{"start":{"line":23,"column":47},"end":{"line":23,"column":48}},"loc":{"start":{"line":23,"column":64},"end":{"line":30,"column":3}},"line":23},"7":{"name":"(anonymous_7)","decl":{"start":{"line":26,"column":29},"end":{"line":26,"column":30}},"loc":{"start":{"line":26,"column":48},"end":{"line":29,"column":5}},"line":26}},"branchMap":{"0":{"loc":{"start":{"line":9,"column":18},"end":{"line":9,"column":81}},"type":"binary-expr","locations":[{"start":{"line":9,"column":18},"end":{"line":9,"column":40}},{"start":{"line":9,"column":44},"end":{"line":9,"column":81}}],"line":9},"1":{"loc":{"start":{"line":15,"column":4},"end":{"line":15,"column":28}},"type":"if","locations":[{"start":{"line":15,"column":4},"end":{"line":15,"column":28}},{"start":{"line":15,"column":4},"end":{"line":15,"column":28}}],"line":15},"2":{"loc":{"start":{"line":17,"column":18},"end":{"line":17,"column":67}},"type":"binary-expr","locations":[{"start":{"line":17,"column":18},"end":{"line":17,"column":51}},{"start":{"line":17,"column":55},"end":{"line":17,"column":67}}],"line":17},"3":{"loc":{"start":{"line":24,"column":4},"end":{"line":24,"column":35}},"type":"if","locations":[{"start":{"line":24,"column":4},"end":{"line":24,"column":35}},{"start":{"line":24,"column":4},"end":{"line":24,"column":35}}],"line":24},"4":{"loc":{"start":{"line":27,"column":6},"end":{"line":27,"column":37}},"type":"if","locations":[{"start":{"line":27,"column":6},"end":{"line":27,"column":37}},{"start":{"line":27,"column":6},"end":{"line":27,"column":37}}],"line":27}},"s":{"0":3,"1":3,"2":5,"3":5,"4":3,"5":3,"6":3,"7":2,"8":1,"9":2,"10":1,"11":3,"12":2,"13":2,"14":2,"15":1,"16":1,"17":1,"18":0,"19":1},"f":{"0":5,"1":3,"2":3,"3":2,"4":2,"5":2,"6":2,"7":1},"b":{"0":[5,2],"1":[1,1],"2":[2,2],"3":[1,1],"4":[0,1]},"_coverageSchema":"1a1c01bbd47fc00a2c39e90264f33305004495a9","hash":"b94e5d5b188e6cc9b740743dd1f2ff2410caea33"}
,"/Users/damian/Projects/metadata-extractor/src/utils/testDbUtils.js": {"path":"/Users/damian/Projects/metadata-extractor/src/utils/testDbUtils.js","statementMap":{"0":{"start":{"line":3,"column":22},"end":{"line":6,"column":1}},"1":{"start":{"line":4,"column":2},"end":{"line":4,"column":17}},"2":{"start":{"line":5,"column":2},"end":{"line":5,"column":32}},"3":{"start":{"line":8,"column":23},"end":{"line":8,"column":38}},"4":{"start":{"line":8,"column":29},"end":{"line":8,"column":38}}},"fnMap":{"0":{"name":"(anonymous_0)","decl":{"start":{"line":3,"column":22},"end":{"line":3,"column":23}},"loc":{"start":{"line":3,"column":34},"end":{"line":6,"column":1}},"line":3},"1":{"name":"(anonymous_1)","decl":{"start":{"line":8,"column":23},"end":{"line":8,"column":24}},"loc":{"start":{"line":8,"column":29},"end":{"line":8,"column":38}},"line":8}},"branchMap":{},"s":{"0":1,"1":2,"2":2,"3":1,"4":2},"f":{"0":2,"1":2},"b":{},"_coverageSchema":"1a1c01bbd47fc00a2c39e90264f33305004495a9","hash":"62584022be640057025c1d4246f6294fc81076d6"}
}
