TN:
SF:src/index.js
FN:7,(anonymous_0)
FN:16,(anonymous_1)
FN:27,(anonymous_2)
FNF:3
FNH:3
FNDA:3,(anonymous_0)
FNDA:3,(anonymous_1)
FNDA:1,(anonymous_2)
DA:7,1
DA:8,3
DA:9,3
DA:11,1
DA:13,1
DA:16,3
DA:18,1
DA:20,1
DA:22,1
DA:24,1
DA:27,1
LF:11
LH:11
BRDA:15,0,0,1
BRDA:15,0,1,1
BRF:2
BRH:2
end_of_record
TN:
SF:src/config/db.js
FN:5,(anonymous_0)
FNF:1
FNH:1
FNDA:2,(anonymous_0)
DA:5,2
DA:9,2
LF:2
LH:2
BRF:0
BRH:0
end_of_record
TN:
SF:src/config/dbConfig.js
FNF:0
FNH:0
DA:1,2
LF:1
LH:1
BRF:0
BRH:0
end_of_record
TN:
SF:src/config/index.js
FNF:0
FNH:0
DA:3,2
LF:1
LH:1
BRDA:3,0,0,2
BRDA:3,0,1,0
BRF:2
BRH:1
end_of_record
TN:
SF:src/models/Book.js
FNF:0
FNH:0
DA:4,2
DA:41,2
LF:2
LH:2
BRF:0
BRH:0
end_of_record
TN:
SF:src/repositories/books.js
FN:6,(anonymous_0)
FNF:1
FNH:1
FNDA:2,(anonymous_0)
DA:4,2
DA:6,2
DA:7,2
DA:9,2
DA:10,2
LF:5
LH:5
BRDA:4,0,0,2
BRDA:4,0,1,2
BRDA:6,1,0,0
BRF:3
BRH:2
end_of_record
TN:
SF:src/utils/books.js
FN:5,(anonymous_0)
FN:7,(anonymous_1)
FN:13,(anonymous_2)
FN:17,(anonymous_3)
FN:21,(anonymous_4)
FN:44,(anonymous_5)
FNF:6
FNH:6
FNDA:47,(anonymous_0)
FNDA:5,(anonymous_1)
FNDA:5,(anonymous_2)
FNDA:12,(anonymous_3)
FNDA:5,(anonymous_4)
FNDA:5,(anonymous_5)
DA:5,47
DA:7,2
DA:8,5
DA:10,5
DA:13,2
DA:14,5
DA:16,5
DA:17,12
DA:21,2
DA:22,5
DA:24,5
DA:25,5
DA:26,5
DA:27,5
DA:28,5
DA:29,5
DA:30,5
DA:32,5
DA:44,2
DA:45,5
DA:46,5
DA:48,5
LF:22
LH:22
BRDA:5,0,0,0
BRDA:10,1,0,4
BRDA:10,1,1,1
BRDA:14,2,0,5
BRDA:14,2,1,2
BRF:5
BRH:4
end_of_record
TN:
SF:src/utils/files.js
FN:8,(anonymous_0)
FN:13,(anonymous_1)
FN:13,(anonymous_2)
FN:14,(anonymous_3)
FN:22,(anonymous_4)
FN:22,(anonymous_5)
FN:23,(anonymous_6)
FN:26,(anonymous_7)
FNF:8
FNH:8
FNDA:5,(anonymous_0)
FNDA:3,(anonymous_1)
FNDA:3,(anonymous_2)
FNDA:2,(anonymous_3)
FNDA:2,(anonymous_4)
FNDA:2,(anonymous_5)
FNDA:2,(anonymous_6)
FNDA:1,(anonymous_7)
DA:6,3
DA:8,3
DA:9,5
DA:10,5
DA:13,3
DA:14,3
DA:15,2
DA:17,2
DA:18,1
DA:22,3
DA:23,2
DA:24,2
DA:26,1
DA:27,1
DA:28,1
LF:15
LH:15
BRDA:9,0,0,5
BRDA:9,0,1,2
BRDA:15,1,0,1
BRDA:15,1,1,1
BRDA:17,2,0,2
BRDA:17,2,1,2
BRDA:24,3,0,1
BRDA:24,3,1,1
BRDA:27,4,0,0
BRDA:27,4,1,1
BRF:10
BRH:9
end_of_record
TN:
SF:src/utils/testDbUtils.js
FN:3,(anonymous_0)
FN:8,(anonymous_1)
FNF:2
FNH:2
FNDA:2,(anonymous_0)
FNDA:2,(anonymous_1)
DA:3,1
DA:4,2
DA:5,2
DA:8,2
LF:4
LH:4
BRF:0
BRH:0
end_of_record
